0000000    175317  177355  000014  000400  000000  000000  000002  000000
0000020    000021  000000  002040  000000  000205  000040  000000  000000
0000040    000031  000000  000110  000000  057537  040520  042507  042532
0000060    047522  000000  000000  000000  000000  000000  000000  000000
0000100    000000  000000  000001  000000  000000  000000  000000  000000
0000120    000000  000000  000000  000000  000000  000000  000000  000000
0000140    000000  000000  000000  000000  000031  000000  000610  000000
0000160    057537  042524  052130  000000  000000  000000  000000  000000
0000200    000000  000000  000001  000000  040000  000000  000000  000000
0000220    000000  000000  000000  000000  040000  000000  000000  000000
0000240    000005  000000  000005  000000  000004  000000  000000  000000
0000260    057537  062564  072170  000000  000000  000000  000000  000000
0000300    057537  042524  052130  000000  000000  000000  000000  000000
0000320    037530  000000  000001  000000  000064  000000  000000  000000
0000340    037530  000000  000002  000000  000000  000000  000000  000000
0000360    002000  100000  000000  000000  000000  000000  000000  000000
0000400    057537  072163  061165  000163  000000  000000  000000  000000
0000420    057537  042524  052130  000000  000000  000000  000000  000000
0000440    037614  000000  000001  000000  000014  000000  000000  000000
0000460    037614  000000  000002  000000  000000  000000  000000  000000
0000500    002010  100000  000000  000000  000014  000000  000000  000000
0000520    057537  071543  071164  067151  000147  000000  000000  000000
0000540    057537  042524  052130  000000  000000  000000  000000  000000
0000560    037630  000000  000001  000000  000017  000000  000000  000000
0000600    037630  000000  000000  000000  000000  000000  000000  000000
0000620    000002  000000  000000  000000  000000  000000  000000  000000
0000640    057537  067165  064567  062156  064537  063156  000157  000000
0000660    057537  042524  052130  000000  000000  000000  000000  000000
0000700    037650  000000  000001  000000  000130  000000  000000  000000
0000720    037650  000000  000002  000000  000000  000000  000000  000000
0000740    000000  000000  000000  000000  000000  000000  000000  000000
0000760    000031  000000  000230  000000  057537  040504  040524  041537
0001000    047117  052123  000000  000000  040000  000000  000001  000000
0001020    040000  000000  000000  000000  040000  000000  000000  000000
0001040    040000  000000  000000  000000  000003  000000  000003  000000
0001060    000001  000000  000020  000000  057537  067547  000164  000000
0001100    000000  000000  000000  000000  057537  040504  040524  041537
0001120    047117  052123  000000  000000  040000  000000  000001  000000
0001140    000010  000000  000000  000000  040000  000000  000003  000000
0001160    000000  000000  000000  000000  000006  000000  000001  000000
0001200    000000  000000  000000  000000  000031  000000  000110  000000
0001220    057537  044514  045516  042105  052111  000000  000000  000000
0001240    100000  000000  000001  000000  040000  000000  000000  000000
0001260    100000  000000  000000  000000  001230  000000  000000  000000
0001300    000001  000000  000001  000000  000000  000000  000000  000000
0001320    000064  100000  000020  000000  100000  000000  000150  000000
0001340    000063  100000  000020  000000  100150  000000  000060  000000
0001360    000002  000000  000030  000000  100240  000000  000003  000000
0001400    100330  000000  000050  000000  000013  000000  000120  000000
0001420    000000  000000  000000  000000  000000  000000  000002  000000
0001440    000002  000000  000001  000000  000000  000000  000000  000000
0001460    000000  000000  000000  000000  000000  000000  000000  000000
0001500    100320  000000  000002  000000  000000  000000  000000  000000
0001520    000000  000000  000000  000000  000016  000000  000040  000000
0001540    000014  000000  072457  071163  066057  061151  062057  066171
0001560    000144  000000  000000  000000  000033  000000  000030  000000
0001600    163407  060213  052750  143475  175623  032313  003353  143410
0001620    000062  000000  000040  000000  000001  000000  000000  000016
0001640    001000  000016  000001  000000  000003  000000  000400  001776
0001660    000052  000000  000020  000000  000000  000000  000000  000000
0001700    000050  100000  000030  000000  037530  000000  000000  000000
0001720    000000  000000  000000  000000  000014  000000  000070  000000
0001740    000030  000000  000002  000000  036401  002470  000000  000001
0001760    072457  071163  066057  061151  066057  061151  074523  072163
0002000    066545  041056  062056  066171  061151  000000  000000  000000
0002020    000046  000000  000020  000000  100230  000000  000010  000000
0002040    000051  000000  000020  000000  100240  000000  000000  000000
0002060    000035  000000  000020  000000  100400  000000  000630  000000
0002100    000000  000000  000000  000000  000000  000000  000000  000000
*
0037520    000000  000000  000000  000000  101777  150400  075775  124401
0037540    041775  110400  000010  051200  005750  134400  141677  134037
0037560    000000  110000  060000  110476  000005  112000  005740  134500
0037600    075775  124501  101777  110400  001700  153137  000020  130000
0037620    001020  174500  001000  153037  062510  066154  026157  053440
0037640    071157  062154  005041  000000  000001  000000  000034  000000
0037660    000000  000000  000034  000000  000000  000000  000034  000000
0037700    000002  000000  037530  000000  000100  000000  000100  000000
0037720    037614  000000  000000  000000  000100  000000  000000  000000
0037740    000000  000000  000000  000000  000003  000000  000014  000001
0037760    000020  000001  000000  000000  000000  002000  000000  000000
0040000    000000  000000  000000  100000  000000  000000  000000  000000
0040020    000000  000000  000000  000000  000000  000000  000000  000000
*
0100000    000000  000000  000040  000000  000120  000000  000130  000000
0100020    000001  000000  000001  000000  000000  000000  000000  000000
0100040    000004  000000  000000  000000  000000  000000  000030  000000
0100060    000000  000000  000000  000000  000030  000000  040000  000006
0100100    040000  000000  000000  000000  000000  000000  000001  000000
0100120    001001  000000  000000  000000  057400  071160  067151  063164
0100140    000000  000000  000000  000000  000400  000137  000022  000000
0100160    001000  000000  001400  154000  000176  001000  066537  057550
0100200    074145  061545  072165  057545  062550  062141  071145  004400
0100220    060555  067151  006400  000000  077330  000000  000000  000000
0100240    000002  000000  000417  000020  000000  000000  000001  000000
0100260    000026  000000  000417  000000  037530  000000  000001  000000
0100300    000034  000000  000001  000400  000000  000000  000000  000000
0100320    000002  000000  000002  000000  000040  057537  064155  062537
0100340    062570  072543  062564  064137  060545  062544  000162  066537
0100360    064541  000156  070137  064562  072156  000146  000000  000000
0100400    157372  140014  000000  111001  000000  000400  000000  000000
0100420    000000  012000  157372  001014  000000  077001  001000  000004
0100440    001000  001000  000000  057000  000000  054000  000000  000000
0100460    000000  004400  000000  000201  001040  006000  000000  000000
0100500    000000  000000  000000  000000  000000  000000  000000  000000
*
0100540    000000  032000  000000  000000  000000  000400  027141  072557
0100560    000164  115060  016056  051756  011410  026402  057404  046074
0100600    117125  002170  143506  035230  020306  107311  012623  145730
0100620    001630  077655  131254  067530  164706  140146  153404  150721
0100640    001153  054117  177405  132174  075174  155205  105675  104510
0100660    123454  077655  131254  067530  164706  140146  153404  150721
0100700    001153  054117  177405  132174  075174  155205  105675  104510
0100720    123454  003741  161453  167104  052577  073040  071123  153171
0100740    140464  114741  134510  026056  125325  073760  111166  136051
0100760    037017  152737  103353  112761  001546  026241  033006  061764
0101000    063037  006761  134013  167324  151243  101133  162740  001222
0101020    166664  077655  131254  067530  164706  140146  153404  150721
0101040    001153  054117  177405  132174  075174  155205  105675  104510
0101060    123454  077655  131254  067530  164706  140146  153404  150721
0101100    001153  054117  177405  132174  075174  155205  105675  104510
0101120    123454  077655  131254  067530  164706  140146  153404  150721
0101140    001153  054117  177405  132174  075174  155205  105675  104510
0101160    123454  167121  034077  162576  136721  164471  054505  165672
0101200    073257  075556  145425  116533  123411  025605  023272  106615
0101220    106511  000000  000000  000000                                
0101230
